<?xml version="1.0" encoding="UTF-8"?>
<!-- Generated by org.testng.reporters.JUnitReportReporter -->
<testsuite hostname="DESKTOP-9HIP4DD" failures="0" tests="1" name="curs21.CssSelectorExample" time="0.072" errors="0" timestamp="2024-05-14T18:01:15 EEST" skipped="0">
  <testcase classname="curs21.CssSelectorExample" name="cssSelectorExample2" time="0.072"/>
  <system-out/>
</testsuite> <!-- curs21.CssSelectorExample -->
