<?xml version="1.0" encoding="UTF-8"?>
<!-- Generated by org.testng.reporters.JUnitReportReporter -->
<testsuite hostname="DESKTOP-9HIP4DD" failures="0" tests="1" name="curs17.OpenBrowser" time="5.348" errors="0" timestamp="2024-04-26T17:29:45 EEST" skipped="0">
  <testcase classname="curs17.OpenBrowser" name="openBrowser" time="5.348"/>
  <system-out/>
</testsuite> <!-- curs17.OpenBrowser -->
