<?xml version="1.0" encoding="UTF-8"?>
<!-- Generated by org.testng.reporters.JUnitReportReporter -->
<testsuite hostname="DESKTOP-9HIP4DD" failures="0" tests="8" name="curs19.SeleniumLocators" time="4.255" errors="0" timestamp="2024-05-10T16:44:50 EEST" skipped="0">
  <testcase classname="curs19.SeleniumLocators" name="tagNameLocator" time="0.026"/>
  <system-out/>
  <testcase classname="curs19.SeleniumLocators" name="linkTextLocator" time="0.392"/>
  <system-out/>
  <testcase classname="curs19.SeleniumLocators" name="partialLinkTextLocator" time="0.538"/>
  <system-out/>
  <testcase classname="curs19.SeleniumLocators" name="classNameLocator" time="0.035"/>
  <system-out/>
  <testcase classname="curs19.SeleniumLocators" name="idLocator" time="0.068"/>
  <system-out/>
  <testcase classname="curs19.SeleniumLocators" name="nameLocator" time="3.111"/>
  <system-out/>
  <testcase classname="curs19.SeleniumLocators" name="cssSelectorLocator" time="0.046"/>
  <system-out/>
  <testcase classname="curs19.SeleniumLocators" name="xpatxLocator" time="0.039"/>
  <system-out/>
</testsuite> <!-- curs19.SeleniumLocators -->
