<?xml version="1.0" encoding="UTF-8"?>
<!-- Generated by org.testng.reporters.JUnitReportReporter -->
<testsuite hostname="DESKTOP-9HIP4DD" failures="0" tests="1" name="curs21.tema.SendMessage" time="4.902" errors="0" timestamp="2024-05-16T21:41:49 EEST" skipped="0">
  <testcase classname="curs21.tema.SendMessage" name="testSendMessage" time="4.902"/>
  <system-out/>
</testsuite> <!-- curs21.tema.SendMessage -->
