<?xml version="1.0" encoding="UTF-8"?>
<!-- Generated by org.testng.reporters.JUnitReportReporter -->
<testsuite hostname="DESKTOP-9HIP4DD" failures="0" tests="2" name="curs19.SeleniumLocators" time="0.439" errors="0" timestamp="2024-05-08T17:31:06 EEST" skipped="0">
  <testcase classname="curs19.SeleniumLocators" name="tagNameLocator" time="0.027"/>
  <system-out/>
  <testcase classname="curs19.SeleniumLocators" name="linkTextLocator" time="0.412"/>
  <system-out/>
</testsuite> <!-- curs19.SeleniumLocators -->
