<?xml version="1.0" encoding="UTF-8"?>
<!-- Generated by org.testng.reporters.JUnitReportReporter -->
<testsuite hostname="DESKTOP-9HIP4DD" failures="0" tests="1" name="curs20.RelativeLocators" time="0.487" errors="0" timestamp="2024-05-14T16:00:00 EEST" skipped="0">
  <testcase classname="curs20.RelativeLocators" name="relativeLocatorsExample" time="0.487"/>
  <system-out/>
</testsuite> <!-- curs20.RelativeLocators -->
