<?xml version="1.0" encoding="UTF-8"?>
<!-- Generated by org.testng.reporters.JUnitReportReporter -->
<testsuite hostname="DESKTOP-9HIP4DD" failures="0" tests="3" name="curs17.TestPriority" time="0.008" errors="0" timestamp="2024-04-26T17:47:22 EEST" skipped="0">
  <testcase classname="curs17.TestPriority" name="one" time="0.007"/>
  <system-out/>
  <testcase classname="curs17.TestPriority" name="two" time="0.001"/>
  <system-out/>
  <testcase classname="curs17.TestPriority" name="three" time="0.000"/>
  <system-out/>
</testsuite> <!-- curs17.TestPriority -->
