<?xml version="1.0" encoding="UTF-8"?>
<!-- Generated by org.testng.reporters.JUnitReportReporter -->
<testsuite hostname="DESKTOP-9HIP4DD" failures="0" tests="1" name="curs19.tema.IsElementVisible" time="0.115" errors="0" timestamp="2024-05-14T11:42:45 EEST" skipped="0">
  <testcase classname="curs19.tema.IsElementVisible" name="linkTextLocatorLogin" time="0.115"/>
  <system-out/>
</testsuite> <!-- curs19.tema.IsElementVisible -->
