<?xml version="1.0" encoding="UTF-8"?>
<!-- Generated by org.testng.reporters.JUnitReportReporter -->
<testsuite hostname="DESKTOP-9HIP4DD" failures="0" tests="1" name="curs20.tema.FindTheBook" time="0.968" errors="0" timestamp="2024-05-15T22:13:01 EEST" skipped="0">
  <testcase classname="curs20.tema.FindTheBook" name="testFindTheBook" time="0.968"/>
  <system-out/>
</testsuite> <!-- curs20.tema.FindTheBook -->
