<?xml version="1.0" encoding="UTF-8"?>
<!-- Generated by org.testng.reporters.JUnitReportReporter -->
<testsuite hostname="DESKTOP-9HIP4DD" failures="0" tests="1" name="curs20.FindElementsExample" time="0.052" errors="0" timestamp="2024-05-14T14:30:27 EEST" skipped="0">
  <testcase classname="curs20.FindElementsExample" name="testFindElements" time="0.052"/>
  <system-out/>
</testsuite> <!-- curs20.FindElementsExample -->
